2026-06-22 14:43:14,900 [INFO] Fetching Binance data...
2026-06-22 14:43:15,313 [INFO] Processing BTCUSDT...
2026-06-22 14:43:15,751 [INFO] Processing ETHUSDT...
2026-06-22 14:43:16,179 [INFO] Processing BNBUSDT...
2026-06-22 14:43:16,607 [INFO] Processing SOLUSDT...
2026-06-22 14:43:17,040 [INFO] Processing XRPUSDT...
2026-06-22 14:43:17,470 [INFO] Processing DOGEUSDT...
2026-06-22 14:43:17,916 [INFO] Processing ADAUSDT...
2026-06-22 14:43:18,350 [INFO] Processing AVAXUSDT...
2026-06-22 14:43:18,791 [INFO] Processing LINKUSDT...
2026-06-22 14:43:19,225 [INFO] Processing DOTUSDT...
2026-06-22 14:43:19,655 [WARNING] No ticker data for MATICUSDT, skipping.
2026-06-22 14:43:19,656 [INFO] Processing LTCUSDT...
2026-06-22 14:43:20,094 [INFO] Processing NEARUSDT...
2026-06-22 14:43:20,528 [INFO] Processing ATOMUSDT...
2026-06-22 14:43:20,958 [INFO] Processing UNIUSDT...
2026-06-22 14:43:21,395 [INFO] Processing AAVEUSDT...
2026-06-22 14:43:21,827 [WARNING] No ticker data for FTMUSDT, skipping.
2026-06-22 14:43:21,828 [INFO] Processing SANDUSDT...
2026-06-22 14:43:22,258 [INFO] Processing MANAUSDT...
2026-06-22 14:43:22,687 [INFO] Processing INJUSDT...
2026-06-22 14:43:23,114 [INFO] Processing SUIUSDT...
2026-06-22 14:43:23,543 [INFO] Processing ARBUSDT...
2026-06-22 14:43:23,974 [INFO] Processing OPUSDT...
2026-06-22 14:43:24,404 [INFO] Processing APTUSDT...
2026-06-22 14:43:24,832 [INFO] Processing SEIUSDT...
2026-06-22 14:43:25,260 [INFO] Saved 0 signals to /home/ubuntu/SignalLedger/data/crypto/2026-06-22.json
2026-06-22 14:47:14,865 [INFO] Fetching Binance data...
2026-06-22 14:47:15,267 [INFO] Processing BTCUSDT...
2026-06-22 14:47:15,699 [INFO] Processing ETHUSDT...
2026-06-22 14:47:16,125 [INFO] Processing BNBUSDT...
2026-06-22 14:47:16,558 [INFO] Processing SOLUSDT...
2026-06-22 14:47:16,987 [INFO] Processing XRPUSDT...
2026-06-22 14:47:17,420 [INFO] Processing DOGEUSDT...
2026-06-22 14:47:17,849 [INFO] Processing ADAUSDT...
2026-06-22 14:47:18,282 [INFO] Processing AVAXUSDT...
2026-06-22 14:47:18,719 [INFO] Processing LINKUSDT...
2026-06-22 14:47:19,188 [INFO] Processing DOTUSDT...
2026-06-22 14:47:19,628 [INFO] Processing WIFUSDT...
2026-06-22 14:47:20,059 [INFO] Processing LTCUSDT...
2026-06-22 14:47:20,494 [INFO] Processing NEARUSDT...
2026-06-22 14:47:20,928 [INFO] Processing ATOMUSDT...
2026-06-22 14:47:21,364 [INFO] Processing UNIUSDT...
2026-06-22 14:47:21,796 [INFO] Processing AAVEUSDT...
2026-06-22 14:47:22,240 [INFO] Processing JUPUSDT...
2026-06-22 14:47:22,682 [INFO] Processing SANDUSDT...
2026-06-22 14:47:23,120 [INFO] Processing MANAUSDT...
2026-06-22 14:47:23,548 [INFO] Processing INJUSDT...
2026-06-22 14:47:24,002 [INFO] Processing SUIUSDT...
2026-06-22 14:47:24,433 [INFO] Processing ARBUSDT...
2026-06-22 14:47:24,870 [INFO] Processing OPUSDT...
2026-06-22 14:47:25,303 [INFO] Processing APTUSDT...
2026-06-22 14:47:25,733 [INFO] Processing SEIUSDT...
2026-06-22 14:47:26,179 [INFO] Saved 0 signals to /home/ubuntu/SignalLedger/data/crypto/2026-06-22.json
