2026-06-22 15:40:09,471 [INFO] Running EOD update for stocks — 2026-06-22
2026-06-22 15:40:09,472 [WARNING] NSE price fetch failed for ABCAPITAL: 'NoneType' object has no attribute 'get'
2026-06-22 15:40:09,972 [WARNING] Could not get EOD price for ABCAPITAL
2026-06-22 15:40:09,972 [WARNING] NSE price fetch failed for ADANIENT: 'NoneType' object has no attribute 'get'
2026-06-22 15:40:10,473 [WARNING] Could not get EOD price for ADANIENT
2026-06-22 15:40:10,473 [WARNING] NSE price fetch failed for ADANIGREEN: 'NoneType' object has no attribute 'get'
2026-06-22 15:40:10,973 [WARNING] Could not get EOD price for ADANIGREEN
2026-06-22 15:40:10,973 [WARNING] NSE price fetch failed for ADANIPORTS: 'NoneType' object has no attribute 'get'
2026-06-22 15:40:11,474 [WARNING] Could not get EOD price for ADANIPORTS
2026-06-22 15:40:11,474 [WARNING] NSE price fetch failed for ANGELONE: 'NoneType' object has no attribute 'get'
2026-06-22 15:40:11,974 [WARNING] Could not get EOD price for ANGELONE
2026-06-22 15:40:11,974 [WARNING] NSE price fetch failed for APOLLOHOSP: 'NoneType' object has no attribute 'get'
2026-06-22 15:40:12,475 [WARNING] Could not get EOD price for APOLLOHOSP
2026-06-22 15:40:12,475 [WARNING] NSE price fetch failed for BHARATFORG: 'NoneType' object has no attribute 'get'
2026-06-22 15:40:12,975 [WARNING] Could not get EOD price for BHARATFORG
2026-06-22 15:40:12,975 [WARNING] NSE price fetch failed for CGPOWER: 'NoneType' object has no attribute 'get'
2026-06-22 15:40:13,475 [WARNING] Could not get EOD price for CGPOWER
2026-06-22 15:40:13,476 [WARNING] NSE price fetch failed for DELHIVERY: 'NoneType' object has no attribute 'get'
2026-06-22 15:40:13,976 [WARNING] Could not get EOD price for DELHIVERY
2026-06-22 15:40:13,976 [WARNING] NSE price fetch failed for FEDERALBNK: 'NoneType' object has no attribute 'get'
2026-06-22 15:40:14,476 [WARNING] Could not get EOD price for FEDERALBNK
2026-06-22 15:40:14,477 [WARNING] NSE price fetch failed for GRASIM: 'NoneType' object has no attribute 'get'
2026-06-22 15:40:14,977 [WARNING] Could not get EOD price for GRASIM
2026-06-22 15:40:14,977 [WARNING] NSE price fetch failed for KEI: 'NoneType' object has no attribute 'get'
2026-06-22 15:40:15,477 [WARNING] Could not get EOD price for KEI
2026-06-22 15:40:15,478 [WARNING] NSE price fetch failed for LAURUSLABS: 'NoneType' object has no attribute 'get'
2026-06-22 15:40:15,978 [WARNING] Could not get EOD price for LAURUSLABS
2026-06-22 15:40:15,978 [WARNING] NSE price fetch failed for LTM: 'NoneType' object has no attribute 'get'
2026-06-22 15:41:44,879 [INFO] Running EOD update for stocks — 2026-06-22
2026-06-22 15:41:45,652 [INFO] Kite token fetched via SSH
2026-06-22 15:41:45,960 [INFO]   ABCAPITAL: entry=391.95 eod=375.9 move=-4.095% ✗
2026-06-22 15:41:45,960 [INFO]   ADANIENT: entry=3059.6 eod=3038.4 move=-0.693% ✗
2026-06-22 15:41:45,960 [INFO]   ADANIGREEN: entry=1549.9 eod=1502.4 move=-3.065% ✗
2026-06-22 15:41:45,960 [INFO]   ADANIPORTS: entry=1827.2 eod=1835.3 move=0.443% ✓
2026-06-22 15:41:45,960 [INFO]   ANGELONE: entry=354.8 eod=353.7 move=-0.31% ✗
2026-06-22 15:41:45,960 [INFO]   APOLLOHOSP: entry=8469.0 eod=8489.5 move=0.242% ✓
2026-06-22 15:41:45,961 [INFO]   BHARATFORG: entry=2103.8 eod=2041.4 move=-2.966% ✗
2026-06-22 15:41:45,961 [INFO]   CGPOWER: entry=962.55 eod=963.7 move=0.119% ✓
2026-06-22 15:41:45,961 [INFO]   DELHIVERY: entry=483.8 eod=461.1 move=-4.692% ✗
2026-06-22 15:41:45,961 [INFO]   FEDERALBNK: entry=323.4 eod=323.95 move=0.17% ✓
2026-06-22 15:41:45,961 [INFO]   GRASIM: entry=3175.2 eod=3149.5 move=-0.809% ✗
2026-06-22 15:41:45,961 [INFO]   KEI: entry=5660.5 eod=5631.0 move=-0.521% ✗
2026-06-22 15:41:45,961 [INFO]   LAURUSLABS: entry=1435.9 eod=1412.9 move=-1.602% ✗
2026-06-22 15:41:45,961 [INFO]   LTM: entry=3830.2 eod=3832.5 move=0.06% ✗
2026-06-22 15:41:45,961 [INFO]   NAM-INDIA: entry=1188.4 eod=1186.9 move=-0.126% ✗
2026-06-22 15:41:45,961 [INFO]   NYKAA: entry=304.35 eod=302.3 move=-0.674% ✗
2026-06-22 15:41:45,961 [INFO]   PIDILITIND: entry=1572.2 eod=1579.9 move=0.49% ✓
2026-06-22 15:41:45,961 [INFO]   POLYCAB: entry=10022.5 eod=10083.0 move=0.604% ✓
2026-06-22 15:41:45,962 [INFO]   RADICO: entry=3778.6 eod=3769.2 move=-0.249% ✗
2026-06-22 15:41:45,962 [INFO]   RBLBANK: entry=378.5 eod=378.85 move=0.092% ✓
2026-06-22 15:41:45,962 [INFO]   SONACOMS: entry=621.0 eod=613.8 move=-1.159% ✗
2026-06-22 15:41:45,963 [INFO] Updated 21/21 signals in 2026-06-22.json
2026-06-22 16:13:49,387 [INFO] Running EOD update for stocks — 2026-06-22
2026-06-22 16:13:49,388 [INFO] No pending signals to update.
